<?xml version="1.0" encoding="UTF-8"?>
<testng-results skipped="0" failed="0" total="1" passed="1">
  <reporter-output>
  </reporter-output>
  <suite name="Suite" duration-ms="84311" started-at="2016-09-18T09:23:47Z" finished-at="2016-09-18T09:25:11Z">
    <groups>
    </groups>
    <test name="Test" duration-ms="84311" started-at="2016-09-18T09:23:47Z" finished-at="2016-09-18T09:25:11Z">
      <class name="BigMvnProject.UDEMY_IOS_App_Steppers">
        <test-method status="PASS" signature="launchAppium()[pri:0, instance:BigMvnProject.UDEMY_IOS_App_Steppers@5d624da6]" name="launchAppium" is-config="true" duration-ms="70959" started-at="2016-09-18T14:53:47Z" finished-at="2016-09-18T14:54:58Z">
          <reporter-output>
          </reporter-output>
        </test-method> <!-- launchAppium -->
        <test-method status="PASS" signature="segmentedControl()[pri:0, instance:BigMvnProject.UDEMY_IOS_App_Steppers@5d624da6]" name="segmentedControl" duration-ms="13172" started-at="2016-09-18T14:54:58Z" finished-at="2016-09-18T14:55:11Z">
          <reporter-output>
          </reporter-output>
        </test-method> <!-- segmentedControl -->
        <test-method status="PASS" signature="stopAppium()[pri:0, instance:BigMvnProject.UDEMY_IOS_App_Steppers@5d624da6]" name="stopAppium" is-config="true" duration-ms="126" started-at="2016-09-18T14:55:11Z" finished-at="2016-09-18T14:55:11Z">
          <reporter-output>
          </reporter-output>
        </test-method> <!-- stopAppium -->
      </class> <!-- BigMvnProject.UDEMY_IOS_App_Steppers -->
    </test> <!-- Test -->
  </suite> <!-- Suite -->
</testng-results>
