<?xml version="1.0" encoding="UTF-8"?>
<testng-results skipped="0" failed="0" total="1" passed="1">
  <reporter-output>
  </reporter-output>
  <suite name="Default suite" duration-ms="202453" started-at="2016-09-18T12:04:43Z" finished-at="2016-09-18T12:08:06Z">
    <groups>
    </groups>
    <test name="Default test" duration-ms="202453" started-at="2016-09-18T12:04:43Z" finished-at="2016-09-18T12:08:06Z">
      <class name="BigMvnProject.UDEMY_IOS_App_Steppers">
        <test-method status="PASS" signature="launchAppium()[pri:0, instance:BigMvnProject.UDEMY_IOS_App_Steppers@6a41eaa2]" name="launchAppium" is-config="true" duration-ms="191885" started-at="2016-09-18T17:34:43Z" finished-at="2016-09-18T17:37:55Z">
          <reporter-output>
          </reporter-output>
        </test-method> <!-- launchAppium -->
        <test-method status="PASS" signature="segmentedControl()[pri:0, instance:BigMvnProject.UDEMY_IOS_App_Steppers@6a41eaa2]" name="segmentedControl" duration-ms="10314" started-at="2016-09-18T17:37:55Z" finished-at="2016-09-18T17:38:06Z">
          <reporter-output>
          </reporter-output>
        </test-method> <!-- segmentedControl -->
        <test-method status="PASS" signature="stopAppium()[pri:0, instance:BigMvnProject.UDEMY_IOS_App_Steppers@6a41eaa2]" name="stopAppium" is-config="true" duration-ms="200" started-at="2016-09-18T17:38:06Z" finished-at="2016-09-18T17:38:06Z">
          <reporter-output>
          </reporter-output>
        </test-method> <!-- stopAppium -->
      </class> <!-- BigMvnProject.UDEMY_IOS_App_Steppers -->
    </test> <!-- Default test -->
  </suite> <!-- Default suite -->
</testng-results>
